<?xml version="1.0" encoding="UTF-8"?>
<!-- Generated by org.testng.reporters.JUnitReportReporter -->
<testsuite skipped="0" hostname="DESKTOP-U4N157I" name="RealProject.RealP.Login" tests="1" failures="0" timestamp="2021-01-11T16:13:01 EST" time="8.447" errors="0">
  <testcase name="LoginApp" time="8.447" classname="RealProject.RealP.Login"/>
  <system-out/>
</testsuite> <!-- RealProject.RealP.Login -->
