<?xml version="1.0" encoding="UTF-8"?>
<!-- Generated by org.testng.reporters.JUnitReportReporter -->
<testsuite skipped="0" hostname="DESKTOP-U4N157I" name="RealProject.RealP.HomePage" tests="1" failures="0" timestamp="2021-01-22T13:15:42 EST" time="11.463" errors="0">
  <testcase name="clickLogin" time="11.463" classname="RealProject.RealP.HomePage"/>
  <system-out/>
</testsuite> <!-- RealProject.RealP.HomePage -->
